[debug] [2024-08-03T20:28:47.063Z] ----------------------------------------------------------------------
[debug] [2024-08-03T20:28:47.067Z] Command:       C:\Program Files\nodejs\node.exe C:\Users\Mudasir\AppData\Roaming\npm\node_modules\firebase-tools\lib\bin\firebase.js init
[debug] [2024-08-03T20:28:47.068Z] CLI Version:   13.15.0
[debug] [2024-08-03T20:28:47.068Z] Platform:      win32
[debug] [2024-08-03T20:28:47.069Z] Node Version:  v22.2.0
[debug] [2024-08-03T20:28:47.070Z] Time:          Sat Aug 03 2024 13:28:47 GMT-0700 (Pacific Daylight Time)
[debug] [2024-08-03T20:28:47.071Z] ----------------------------------------------------------------------
[debug] 
[debug] [2024-08-03T20:28:47.220Z] > command requires scopes: ["email","openid","https://www.googleapis.com/auth/cloudplatformprojects.readonly","https://www.googleapis.com/auth/firebase","https://www.googleapis.com/auth/cloud-platform"]
[debug] [2024-08-03T20:28:47.221Z] > authorizing via signed-in user (mudasirofficially@gmail.com)
[info] 
     ######## #### ########  ######## ########     ###     ######  ########
     ##        ##  ##     ## ##       ##     ##  ##   ##  ##       ##
     ######    ##  ########  ######   ########  #########  ######  ######
     ##        ##  ##    ##  ##       ##     ## ##     ##       ## ##
     ##       #### ##     ## ######## ########  ##     ##  ######  ########

You're about to initialize a Firebase project in this directory:

  C:\Users\Mudasir\Desktop\Headstarter\firebase_basics

Before we get started, keep in mind:

  * You are initializing within an existing Firebase project directory

